#
# A fatal error has been detected by the Java Runtime Environment:
#
#  SIGSEGV (0xb) at pc=0x00007fffca49f8bd, pid=20671, tid=0x0000000000000307
#
# JRE version: Java(TM) SE Runtime Environment (8.0_131-b11) (build 1.8.0_131-b11)
# Java VM: Java HotSpot(TM) 64-Bit Server VM (25.131-b11 mixed mode bsd-amd64 compressed oops)
# Problematic frame:
# C  [GeForceGLDriver+0x3228bd]  gldBlitFramebufferData+0x16ed2
#
# Failed to write core dump. Core dumps have been disabled. To enable core dumping, try "ulimit -c unlimited" before starting Java again
#
# If you would like to submit a bug report, please visit:
#   http://bugreport.java.com/bugreport/crash.jsp
# The crash happened outside the Java Virtual Machine in native code.
# See problematic frame for where to report the bug.
#

---------------  T H R E A D  ---------------

Current thread (0x00007fa98d953800):  JavaThread "AppKit Thread" daemon [_thread_in_native, id=775, stack(0x00007fff57edf000,0x00007fff586df000)]

siginfo: si_signo: 11 (SIGSEGV), si_code: 1 (SEGV_MAPERR), si_addr: 0x0000000000000028

Registers:
RAX=0x0000000000000000, RBX=0x00007fa98c424080, RCX=0x0000000000000000, RDX=0x0000000000000000
RSP=0x00007fff586da230, RBP=0x00007fff586da260, RSI=0x00007fff586da270, RDI=0x0000000000000000
R8 =0x0000000000010035, R9 =0x0000000000080000, R10=0x0000000000001000, R11=0x0000000000001000
R12=0x0000000000000001, R13=0x0000000000001000, R14=0x00007fa98ca23200, R15=0x00007fa98c424001
RIP=0x00007fffca49f8bd, EFLAGS=0x0000000000010206, ERR=0x0000000000000004
  TRAPNO=0x000000000000000e

Top of Stack: (sp=0x00007fff586da230)
0x00007fff586da230:   00007fff586da2f0 00007fffcecfba55
0x00007fff586da240:   0000000000001400 00007fa98c424080
0x00007fff586da250:   00007fa98ca23200 00007fa98c424001
0x00007fff586da260:   00007fff586da320 00007fffca49f7dd
0x00007fff586da270:   0000000000000000 0000000100010001
0x00007fff586da280:   0000100000000000 0000000000000101
0x00007fff586da290:   0000000000000000 0000000000000000
0x00007fff586da2a0:   0000000000000000 0000000000000000
0x00007fff586da2b0:   0000100000000000 0000000000000000
0x00007fff586da2c0:   0000008a00000000 0001003500000000
0x00007fff586da2d0:   0000000000080000 0000000000000000
0x00007fff586da2e0:   0000000000000000 0000000000000020
0x00007fff586da2f0:   0000000000000000 0000000000000000
0x00007fff586da300:   00007fff586da4a8 0000000000180000
0x00007fff586da310:   00007fa98ca23200 00007fa98c424080
0x00007fff586da320:   00007fff586da3b0 00007fffca468ead
0x00007fff586da330:   000000000000ffff 0000000000000001
0x00007fff586da340:   0000000000000058 0000000000001000
0x00007fff586da350:   00007fffecf55000 0000000000000058
0x00007fff586da360:   00007fff586da390 0000000000000000
0x00007fff586da370:   0000000000000000 00007fa900000000
0x00007fff586da380:   0000000000000000 00007fa98ca25538
0x00007fff586da390:   00007fa98c454480 0000000000001000
0x00007fff586da3a0:   00007fa98c454630 00007fff586da4a8
0x00007fff586da3b0:   00007fff586da420 00007fffca4ac228
0x00007fff586da3c0:   00007fa98c428230 000000c000000000
0x00007fff586da3d0:   00000000586da430 00007fa98c454630
0x00007fff586da3e0:   0000000000100000 0000000000000000
0x00007fff586da3f0:   0000000000001000 00007fffe8494550
0x00007fff586da400:   00007fa98c454480 00007fff586da5d8
0x00007fff586da410:   00007fff586da4a8 00007fa98c454480
0x00007fff586da420:   00007fff586da490 00007fffca4accb0 

Instructions: (pc=0x00007fffca49f8bd)
0x00007fffca49f89d:   0f b6 c0 48 81 c4 90 00 00 00 5b 41 5c 41 5e 41
0x00007fffca49f8ad:   5f 5d c3 55 48 89 e5 41 57 41 56 53 48 83 ec 18
0x00007fffca49f8bd:   48 8b 7f 28 ba 88 00 00 00 e8 e7 d1 32 00 49 89
0x00007fffca49f8cd:   c6 31 db 4d 85 f6 74 61 48 8d 75 e0 4c 89 f7 e8 

Register to memory mapping:

RAX=0x0000000000000000 is an unknown value
RBX=0x00007fa98c424080 is an unknown value
RCX=0x0000000000000000 is an unknown value
RDX=0x0000000000000000 is an unknown value
RSP=0x00007fff586da230 is pointing into the stack for thread: 0x00007fa98d953800
RBP=0x00007fff586da260 is pointing into the stack for thread: 0x00007fa98d953800
RSI=0x00007fff586da270 is pointing into the stack for thread: 0x00007fa98d953800
RDI=0x0000000000000000 is an unknown value
R8 =0x0000000000010035 is an unknown value
R9 =0x0000000000080000 is an unknown value
R10=0x0000000000001000 is an unknown value
R11=0x0000000000001000 is an unknown value
R12=0x0000000000000001 is an unknown value
R13=0x0000000000001000 is an unknown value
R14=0x00007fa98ca23200 is an unknown value
R15=0x00007fa98c424001 is an unknown value


Stack: [0x00007fff57edf000,0x00007fff586df000],  sp=0x00007fff586da230,  free space=8172k
Native frames: (J=compiled Java code, j=interpreted, Vv=VM code, C=native code)
C  [GeForceGLDriver+0x3228bd]  gldBlitFramebufferData+0x16ed2
C  [GeForceGLDriver+0x3227dd]  gldBlitFramebufferData+0x16df2
C  [GeForceGLDriver+0x2ebead]  gldReadTextureData+0xcde65
C  [GeForceGLDriver+0x32f228]  gldBlitFramebufferData+0x2383d
C  [GeForceGLDriver+0x32fcb0]  gldBlitFramebufferData+0x242c5
C  [GeForceGLDriver+0x3305c0]  gldBlitFramebufferData+0x24bd5
C  [GeForceGLDriver+0x2ddd04]  gldReadTextureData+0xbfcbc
C  [GeForceGLDriver+0x2d4d24]  gldReadTextureData+0xb6cdc
C  [GeForceGLDriver+0x32143b]  gldBlitFramebufferData+0x15a50
C  [GeForceGLDriver+0x30a7d3]  gldUpdateDispatch+0x947
C  [QuartzCore+0x11122c]  CAOpenGLLayerDraw(CAOpenGLLayer*, double, CVTimeStamp const*, unsigned int)+0x384
C  [QuartzCore+0x110d8f]  -[CAOpenGLLayer _display]+0x15f
C  [QuartzCore+0x123f6e]  CA::Layer::display_if_needed(CA::Transaction*)+0x23c
C  [QuartzCore+0x124099]  CA::Layer::layout_and_display_if_needed(CA::Transaction*)+0x23
C  [QuartzCore+0x119878]  CA::Context::commit_transaction(CA::Transaction*)+0x118
C  [QuartzCore+0x10631]  CA::Transaction::commit()+0x1db
C  [QuartzCore+0x10f92]  CA::Transaction::observer_callback(__CFRunLoopObserver*, unsigned long, void*)+0x6c
C  [CoreFoundation+0xa7397]  __CFRUNLOOP_IS_CALLING_OUT_TO_AN_OBSERVER_CALLBACK_FUNCTION__+0x17
C  [CoreFoundation+0xa7307]  __CFRunLoopDoObservers+0x187
C  [CoreFoundation+0x87996]  CFRunLoopRunSpecific+0x1c6
C  [HIToolbox+0x30a5c]  RunCurrentEventLoopInMode+0xf0
C  [HIToolbox+0x30891]  ReceiveNextEventCommon+0x1b0
C  [HIToolbox+0x306c6]  _BlockUntilNextEventMatchingListInModeWithFilter+0x47
C  [AppKit+0x475b4]  _DPSNextEvent+0x460
C  [AppKit+0x7c1d6b]  -[NSApplication(NSEvent) _nextEventMatchingEventMask:untilDate:inMode:dequeue:]+0xae5
C  [libosxapp.dylib+0x23aa]  -[NSApplicationAWT nextEventMatchingMask:untilDate:inMode:dequeue:]+0x7c
C  [AppKit+0x3bf35]  -[NSApplication run]+0x39e
C  [libosxapp.dylib+0x214d]  +[NSApplicationAWT runAWTLoopWithApp:]+0x9c
C  [libawt_lwawt.dylib+0x45edf]  -[AWTStarter starter:]+0x389
C  [Foundation+0x7188a]  __NSThreadPerformPerform+0x146
C  [CoreFoundation+0xa7981]  __CFRUNLOOP_IS_CALLING_OUT_TO_A_SOURCE0_PERFORM_FUNCTION__+0x11
C  [CoreFoundation+0x88a7d]  __CFRunLoopDoSources0+0x22d
C  [CoreFoundation+0x87f76]  __CFRunLoopRun+0x3a6
C  [CoreFoundation+0x87974]  CFRunLoopRunSpecific+0x1a4
C  [java+0x6465]  CreateExecutionEnvironment+0x367
C  [java+0x218c]  JLI_Launch+0x7a0
C  [java+0x84c2]  main+0x65
C  [java+0x19e4]  start+0x34
C  0x0000000000000003


---------------  P R O C E S S  ---------------

Java Threads: ( => current thread )
  0x00007fa98d687800 JavaThread "AVI... " [_thread_blocked, id=78031, stack(0x000070000e6be000,0x000070000e7be000)]
  0x00007fa99936a000 JavaThread "zSelector" [_thread_blocked, id=113455, stack(0x000070000e7c4000,0x000070000e8c4000)]
  0x00007fa98de7d000 JavaThread "zSelector" [_thread_blocked, id=104807, stack(0x000070000e8ca000,0x000070000e9ca000)]
  0x00007fa98dddf800 JavaThread "TimerQueue" daemon [_thread_blocked, id=105647, stack(0x000070000e5bb000,0x000070000e6bb000)]
  0x00007fa98e4ca000 JavaThread "DestroyJavaVM" [_thread_blocked, id=7171, stack(0x000070000cae1000,0x000070000cbe1000)]
  0x00007fa98e18a800 JavaThread "AWT-EventQueue-0" [_thread_blocked, id=59671, stack(0x000070000e3b2000,0x000070000e4b2000)]
  0x00007fa98d143800 JavaThread "Java2D Disposer" daemon [_thread_blocked, id=64771, stack(0x000070000e2af000,0x000070000e3af000)]
  0x00007fa98e103800 JavaThread "Java2D Queue Flusher" daemon [_thread_in_native, id=59399, stack(0x000070000e1ac000,0x000070000e2ac000)]
  0x00007fa98d974000 JavaThread "AWT-Shutdown" [_thread_blocked, id=33055, stack(0x000070000de9d000,0x000070000df9d000)]
=>0x00007fa98d953800 JavaThread "AppKit Thread" daemon [_thread_in_native, id=775, stack(0x00007fff57edf000,0x00007fff586df000)]
  0x00007fa98d042000 JavaThread "Service Thread" daemon [_thread_blocked, id=21251, stack(0x000070000dc14000,0x000070000dd14000)]
  0x00007fa98e013000 JavaThread "C1 CompilerThread3" daemon [_thread_blocked, id=20739, stack(0x000070000db11000,0x000070000dc11000)]
  0x00007fa98e012800 JavaThread "C2 CompilerThread2" daemon [_thread_blocked, id=20227, stack(0x000070000da0e000,0x000070000db0e000)]
  0x00007fa98e011800 JavaThread "C2 CompilerThread1" daemon [_thread_blocked, id=19715, stack(0x000070000d90b000,0x000070000da0b000)]
  0x00007fa98d83f800 JavaThread "C2 CompilerThread0" daemon [_thread_blocked, id=19203, stack(0x000070000d808000,0x000070000d908000)]
  0x00007fa98d835800 JavaThread "Signal Dispatcher" daemon [_thread_blocked, id=18691, stack(0x000070000d705000,0x000070000d805000)]
  0x00007fa98d031800 JavaThread "Finalizer" daemon [_thread_blocked, id=14595, stack(0x000070000d602000,0x000070000d702000)]
  0x00007fa98e004000 JavaThread "Reference Handler" daemon [_thread_blocked, id=14083, stack(0x000070000d4ff000,0x000070000d5ff000)]

Other Threads:
  0x00007fa98d02f000 VMThread [stack: 0x000070000d3fc000,0x000070000d4fc000] [id=13571]
  0x00007fa98f800000 WatcherThread [stack: 0x000070000dd17000,0x000070000de17000] [id=21763]

VM state:not at safepoint (normal execution)

VM Mutex/Monitor currently owned by a thread: None

Heap:
 PSYoungGen      total 868864K, used 228862K [0x000000076ab00000, 0x00000007bbe80000, 0x00000007c0000000)
  eden space 466432K, 16% used [0x000000076ab00000,0x000000076f4627f8,0x0000000787280000)
  from space 402432K, 38% used [0x00000007a3580000,0x00000007acb9d2f0,0x00000007bbe80000)
  to   space 432128K, 0% used [0x0000000787280000,0x0000000787280000,0x00000007a1880000)
 ParOldGen       total 1950720K, used 932484K [0x00000006c0000000, 0x0000000737100000, 0x000000076ab00000)
  object space 1950720K, 47% used [0x00000006c0000000,0x00000006f8ea1140,0x0000000737100000)
 Metaspace       used 18330K, capacity 18800K, committed 18944K, reserved 1067008K
  class space    used 2172K, capacity 2286K, committed 2304K, reserved 1048576K

Card table byte_map: [0x0000000109998000,0x000000010a199000] byte_map_base: 0x0000000106398000

Marking Bits: (ParMarkBitMap*) 0x0000000108ef1ea0
 Begin Bits: [0x000000010a6ef000, 0x000000010e6ef000)
 End Bits:   [0x000000010e6ef000, 0x00000001126ef000)

Polling page: 0x00000001075de000

CodeCache: size=245760Kb used=10467Kb max_used=10482Kb free=235292Kb
 bounds [0x0000000115071000, 0x0000000115ad1000, 0x0000000124071000]
 total_blobs=3646 nmethods=3057 adapters=499
 compilation: enabled

Compilation events (10 events):
Event: 25909.324 Thread 0x00007fa98e013000 3798       3       java.awt.Component::setVisible (6 bytes)
Event: 25909.325 Thread 0x00007fa98e013000 nmethod 3798 0x0000000115aba090 code [0x0000000115aba220, 0x0000000115aba618]
Event: 25909.325 Thread 0x00007fa98e013000 3799       3       java.awt.Component::show (16 bytes)
Event: 25909.325 Thread 0x00007fa98e013000 nmethod 3799 0x00000001151738d0 code [0x0000000115173a60, 0x0000000115173d78]
Event: 25909.365 Thread 0x00007fa98e013000 3800       3       apple.laf.JRSUIState::apply (9 bytes)
Event: 25909.365 Thread 0x00007fa98e013000 nmethod 3800 0x0000000115173450 code [0x00000001151735c0, 0x00000001151737f0]
Event: 25909.366 Thread 0x00007fa98e013000 3801       3       apple.laf.JRSUIControl::setEncodedState (6 bytes)
Event: 25909.366 Thread 0x00007fa98e013000 nmethod 3801 0x0000000115abccd0 code [0x0000000115abce20, 0x0000000115abcf70]
Event: 25909.374 Thread 0x00007fa98e013000 3802       1       javax.swing.JComboBox::isEditable (5 bytes)
Event: 25909.375 Thread 0x00007fa98e013000 nmethod 3802 0x000000011534cc90 code [0x000000011534cde0, 0x000000011534cef0]

GC Heap History (10 events):
Event: 25345.906 GC heap before
{Heap before GC invocations=133 (full 13):
 PSYoungGen      total 931840K, used 539866K [0x000000076ab00000, 0x00000007c0000000, 0x00000007c0000000)
  eden space 465920K, 100% used [0x000000076ab00000,0x0000000787200000,0x0000000787200000)
  from space 465920K, 15% used [0x0000000787200000,0x000000078ba36980,0x00000007a3900000)
  to   space 465920K, 0% used [0x00000007a3900000,0x00000007a3900000,0x00000007c0000000)
 ParOldGen       total 1950720K, used 920004K [0x00000006c0000000, 0x0000000737100000, 0x000000076ab00000)
  object space 1950720K, 47% used [0x00000006c0000000,0x00000006f8271340,0x0000000737100000)
 Metaspace       used 18305K, capacity 18794K, committed 18944K, reserved 1067008K
  class space    used 2172K, capacity 2285K, committed 2304K, reserved 1048576K
Event: 25345.918 GC heap after
Heap after GC invocations=133 (full 13):
 PSYoungGen      total 931840K, used 53454K [0x000000076ab00000, 0x00000007c0000000, 0x00000007c0000000)
  eden space 465920K, 0% used [0x000000076ab00000,0x000000076ab00000,0x0000000787200000)
  from space 465920K, 11% used [0x00000007a3900000,0x00000007a6d33ab0,0x00000007c0000000)
  to   space 465920K, 0% used [0x0000000787200000,0x0000000787200000,0x00000007a3900000)
 ParOldGen       total 1950720K, used 924827K [0x00000006c0000000, 0x0000000737100000, 0x000000076ab00000)
  object space 1950720K, 47% used [0x00000006c0000000,0x00000006f8726df0,0x0000000737100000)
 Metaspace       used 18305K, capacity 18794K, committed 18944K, reserved 1067008K
  class space    used 2172K, capacity 2285K, committed 2304K, reserved 1048576K
}
Event: 25487.084 GC heap before
{Heap before GC invocations=134 (full 13):
 PSYoungGen      total 931840K, used 519374K [0x000000076ab00000, 0x00000007c0000000, 0x00000007c0000000)
  eden space 465920K, 100% used [0x000000076ab00000,0x0000000787200000,0x0000000787200000)
  from space 465920K, 11% used [0x00000007a3900000,0x00000007a6d33ab0,0x00000007c0000000)
  to   space 465920K, 0% used [0x0000000787200000,0x0000000787200000,0x00000007a3900000)
 ParOldGen       total 1950720K, used 924828K [0x00000006c0000000, 0x0000000737100000, 0x000000076ab00000)
  object space 1950720K, 47% used [0x00000006c0000000,0x00000006f8727290,0x0000000737100000)
 Metaspace       used 18305K, capacity 18794K, committed 18944K, reserved 1067008K
  class space    used 2172K, capacity 2285K, committed 2304K, reserved 1048576K
Event: 25487.092 GC heap after
Heap after GC invocations=134 (full 13):
 PSYoungGen      total 931840K, used 35558K [0x000000076ab00000, 0x00000007c0000000, 0x00000007c0000000)
  eden space 465920K, 0% used [0x000000076ab00000,0x000000076ab00000,0x0000000787200000)
  from space 465920K, 7% used [0x0000000787200000,0x00000007894b9850,0x00000007a3900000)
  to   space 465920K, 0% used [0x00000007a3900000,0x00000007a3900000,0x00000007c0000000)
 ParOldGen       total 1950720K, used 927339K [0x00000006c0000000, 0x0000000737100000, 0x000000076ab00000)
  object space 1950720K, 47% used [0x00000006c0000000,0x00000006f899ad30,0x0000000737100000)
 Metaspace       used 18305K, capacity 18794K, committed 18944K, reserved 1067008K
  class space    used 2172K, capacity 2285K, committed 2304K, reserved 1048576K
}
Event: 25609.991 GC heap before
{Heap before GC invocations=135 (full 13):
 PSYoungGen      total 931840K, used 501478K [0x000000076ab00000, 0x00000007c0000000, 0x00000007c0000000)
  eden space 465920K, 100% used [0x000000076ab00000,0x0000000787200000,0x0000000787200000)
  from space 465920K, 7% used [0x0000000787200000,0x00000007894b9850,0x00000007a3900000)
  to   space 465920K, 0% used [0x00000007a3900000,0x00000007a3900000,0x00000007c0000000)
 ParOldGen       total 1950720K, used 927339K [0x00000006c0000000, 0x0000000737100000, 0x000000076ab00000)
  object space 1950720K, 47% used [0x00000006c0000000,0x00000006f899ad30,0x0000000737100000)
 Metaspace       used 18305K, capacity 18794K, committed 18944K, reserved 1067008K
  class space    used 2172K, capacity 2285K, committed 2304K, reserved 1048576K
Event: 25610.005 GC heap after
Heap after GC invocations=135 (full 13):
 PSYoungGen      total 931840K, used 61978K [0x000000076ab00000, 0x00000007c0000000, 0x00000007c0000000)
  eden space 465920K, 0% used [0x000000076ab00000,0x000000076ab00000,0x0000000787200000)
  from space 465920K, 13% used [0x00000007a3900000,0x00000007a7586980,0x00000007c0000000)
  to   space 465920K, 0% used [0x0000000787200000,0x0000000787200000,0x00000007a3900000)
 ParOldGen       total 1950720K, used 929841K [0x00000006c0000000, 0x0000000737100000, 0x000000076ab00000)
  object space 1950720K, 47% used [0x00000006c0000000,0x00000006f8c0c7d0,0x0000000737100000)
 Metaspace       used 18305K, capacity 18794K, committed 18944K, reserved 1067008K
  class space    used 2172K, capacity 2285K, committed 2304K, reserved 1048576K
}
Event: 25716.263 GC heap before
{Heap before GC invocations=136 (full 13):
 PSYoungGen      total 931840K, used 527898K [0x000000076ab00000, 0x00000007c0000000, 0x00000007c0000000)
  eden space 465920K, 100% used [0x000000076ab00000,0x0000000787200000,0x0000000787200000)
  from space 465920K, 13% used [0x00000007a3900000,0x00000007a7586980,0x00000007c0000000)
  to   space 465920K, 0% used [0x0000000787200000,0x0000000787200000,0x00000007a3900000)
 ParOldGen       total 1950720K, used 929841K [0x00000006c0000000, 0x0000000737100000, 0x000000076ab00000)
  object space 1950720K, 47% used [0x00000006c0000000,0x00000006f8c0c7d0,0x0000000737100000)
 Metaspace       used 18305K, capacity 18794K, committed 18944K, reserved 1067008K
  class space    used 2172K, capacity 2285K, committed 2304K, reserved 1048576K
Event: 25716.295 GC heap after
Heap after GC invocations=136 (full 13):
 PSYoungGen      total 601600K, used 135174K [0x000000076ab00000, 0x00000007bf900000, 0x00000007c0000000)
  eden space 465920K, 0% used [0x000000076ab00000,0x000000076ab00000,0x0000000787200000)
  from space 135680K, 99% used [0x0000000787200000,0x000000078f601850,0x000000078f680000)
  to   space 462336K, 0% used [0x00000007a3580000,0x00000007a3580000,0x00000007bf900000)
 ParOldGen       total 1950720K, used 932484K [0x00000006c0000000, 0x0000000737100000, 0x000000076ab00000)
  object space 1950720K, 47% used [0x00000006c0000000,0x00000006f8ea1140,0x0000000737100000)
 Metaspace       used 18305K, capacity 18794K, committed 18944K, reserved 1067008K
  class space    used 2172K, capacity 2285K, committed 2304K, reserved 1048576K
}
Event: 25807.318 GC heap before
{Heap before GC invocations=137 (full 13):
 PSYoungGen      total 601600K, used 599954K [0x000000076ab00000, 0x00000007bf900000, 0x00000007c0000000)
  eden space 465920K, 99% used [0x000000076ab00000,0x00000007870e3228,0x0000000787200000)
  from space 135680K, 99% used [0x0000000787200000,0x000000078f601850,0x000000078f680000)
  to   space 462336K, 0% used [0x00000007a3580000,0x00000007a3580000,0x00000007bf900000)
 ParOldGen       total 1950720K, used 932484K [0x00000006c0000000, 0x0000000737100000, 0x000000076ab00000)
  object space 1950720K, 47% used [0x00000006c0000000,0x00000006f8ea1140,0x0000000737100000)
 Metaspace       used 18305K, capacity 18794K, committed 18944K, reserved 1067008K
  class space    used 2172K, capacity 2285K, committed 2304K, reserved 1048576K
Event: 25807.354 GC heap after
Heap after GC invocations=137 (full 13):
 PSYoungGen      total 868864K, used 153716K [0x000000076ab00000, 0x00000007bbe80000, 0x00000007c0000000)
  eden space 466432K, 0% used [0x000000076ab00000,0x000000076ab00000,0x0000000787280000)
  from space 402432K, 38% used [0x00000007a3580000,0x00000007acb9d2f0,0x00000007bbe80000)
  to   space 432128K, 0% used [0x0000000787280000,0x0000000787280000,0x00000007a1880000)
 ParOldGen       total 1950720K, used 932484K [0x00000006c0000000, 0x0000000737100000, 0x000000076ab00000)
  object space 1950720K, 47% used [0x00000006c0000000,0x00000006f8ea1140,0x0000000737100000)
 Metaspace       used 18305K, capacity 18794K, committed 18944K, reserved 1067008K
  class space    used 2172K, capacity 2285K, committed 2304K, reserved 1048576K
}

Deoptimization events (10 events):
Event: 22281.278 Thread 0x00007fa99701f000 Uncommon trap: reason=unstable_if action=reinterpret pc=0x000000011521f20c method=meanShift_19_5_17.Mean_Shift_singleFrame.getYUV(Lij/process/ColorProcessor;)[[[F @ 159
Event: 22568.962 Thread 0x00007fa98da65800 Uncommon trap: reason=unstable_if action=reinterpret pc=0x0000000115248464 method=sun.nio.cs.UTF_8$Encoder.encode([CII[B)I @ 33
Event: 22889.327 Thread 0x00007fa98e18a800 Uncommon trap: reason=unstable_if action=reinterpret pc=0x00000001157a03ec method=java.util.concurrent.locks.AbstractQueuedSynchronizer.isOnSyncQueue(Ljava/util/concurrent/locks/AbstractQueuedSynchronizer$Node;)Z @ 13
Event: 22975.170 Thread 0x00007fa990826800 Uncommon trap: reason=unstable_if action=reinterpret pc=0x00000001157bfb70 method=java.lang.Math.round(F)I @ 23
Event: 22975.170 Thread 0x00007fa990826800 Uncommon trap: reason=unstable_if action=reinterpret pc=0x00000001155aa554 method=java.lang.Math.round(F)I @ 23
Event: 23785.358 Thread 0x00007fa98e18a800 Uncommon trap: reason=unstable_if action=reinterpret pc=0x0000000115423650 method=sun.java2d.pipe.PixelToParallelogramConverter.fillRectangle(Lsun/java2d/SunGraphics2D;DDDD)V @ 102
Event: 23785.358 Thread 0x00007fa98e18a800 Uncommon trap: reason=null_check action=make_not_entrant pc=0x00000001155c43bc method=sun.font.Font2D.getStrike(Lsun/font/FontStrikeDesc;Z)Lsun/font/FontStrike; @ 36
Event: 23785.359 Thread 0x00007fa98e18a800 Uncommon trap: reason=unstable_if action=reinterpret pc=0x00000001155acd6c method=java.awt.geom.AffineTransform.equals(Ljava/lang/Object;)Z @ 23
Event: 25882.075 Thread 0x00007fa98e18a800 Uncommon trap: reason=unstable_if action=reinterpret pc=0x00000001156de768 method=sun.java2d.pipe.Region.getIntersectionXYXY(IIII)Lsun/java2d/pipe/Region; @ 23
Event: 25909.312 Thread 0x00007fa98d687800 Uncommon trap: reason=unstable_if action=reinterpret pc=0x00000001159fe5a0 method=sun.awt.AppContext.getSoftReferenceValue(Ljava/lang/Object;Ljava/util/function/Supplier;)Ljava/lang/Object; @ 25

Internal exceptions (10 events):
Event: 0.078 Thread 0x00007fa98c80c800 Exception <a 'java/security/PrivilegedActionException'> (0x000000076abc0070) thrown at [/Users/java_re/workspace/8-2-build-macosx-x86_64/jdk8u131/8869/hotspot/src/share/vm/prims/jvm.cpp, line 1390]
Event: 0.100 Thread 0x00007fa98c80c800 Exception <a 'java/security/PrivilegedActionException'> (0x000000076ac3b360) thrown at [/Users/java_re/workspace/8-2-build-macosx-x86_64/jdk8u131/8869/hotspot/src/share/vm/prims/jvm.cpp, line 1390]
Event: 0.100 Thread 0x00007fa98c80c800 Exception <a 'java/security/PrivilegedActionException'> (0x000000076ac3b570) thrown at [/Users/java_re/workspace/8-2-build-macosx-x86_64/jdk8u131/8869/hotspot/src/share/vm/prims/jvm.cpp, line 1390]
Event: 0.100 Thread 0x00007fa98c80c800 Exception <a 'java/security/PrivilegedActionException'> (0x000000076ac3fbc8) thrown at [/Users/java_re/workspace/8-2-build-macosx-x86_64/jdk8u131/8869/hotspot/src/share/vm/prims/jvm.cpp, line 1390]
Event: 0.100 Thread 0x00007fa98c80c800 Exception <a 'java/security/PrivilegedActionException'> (0x000000076ac3fdd8) thrown at [/Users/java_re/workspace/8-2-build-macosx-x86_64/jdk8u131/8869/hotspot/src/share/vm/prims/jvm.cpp, line 1390]
Event: 0.133 Thread 0x00007fa98c80c800 Exception <a 'java/lang/NoSuchFieldError': method resolution failed> (0x000000076ae59a98) thrown at [/Users/java_re/workspace/8-2-build-macosx-x86_64/jdk8u131/8869/hotspot/src/share/vm/prims/methodHandles.cpp, line 1146]
Event: 0.135 Thread 0x00007fa98c80c800 Exception <a 'java/lang/NoSuchFieldError': method resolution failed> (0x000000076ae67268) thrown at [/Users/java_re/workspace/8-2-build-macosx-x86_64/jdk8u131/8869/hotspot/src/share/vm/prims/methodHandles.cpp, line 1146]
Event: 0.272 Thread 0x00007fa98c80c800 Exception <a 'java/io/FileNotFoundException'> (0x000000076aee1c48) thrown at [/Users/java_re/workspace/8-2-build-macosx-x86_64/jdk8u131/8869/hotspot/src/share/vm/prims/jni.cpp, line 709]
Event: 0.272 Thread 0x00007fa98c80c800 Exception <a 'java/io/FileNotFoundException'> (0x000000076aee2770) thrown at [/Users/java_re/workspace/8-2-build-macosx-x86_64/jdk8u131/8869/hotspot/src/share/vm/prims/jni.cpp, line 709]
Event: 23785.358 Thread 0x00007fa98e18a800 Implicit null exception at 0x00000001155c29d3 to 0x00000001155c43b1

Events (10 events):
Event: 25909.369 Executing VM operation: RevokeBias
Event: 25909.369 Executing VM operation: RevokeBias done
Event: 25909.369 Executing VM operation: RevokeBias
Event: 25909.369 Executing VM operation: RevokeBias done
Event: 25909.370 Executing VM operation: RevokeBias
Event: 25909.370 Executing VM operation: RevokeBias done
Event: 25909.374 Executing VM operation: RevokeBias
Event: 25909.374 Executing VM operation: RevokeBias done
Event: 25909.374 Executing VM operation: RevokeBias
Event: 25909.374 Executing VM operation: RevokeBias done


Dynamic libraries:
0x0000000059818000 	/System/Library/Frameworks/Cocoa.framework/Versions/A/Cocoa
0x0000000059818000 	/System/Library/Frameworks/Security.framework/Versions/A/Security
0x0000000059818000 	/System/Library/Frameworks/ApplicationServices.framework/Versions/A/ApplicationServices
0x0000000059818000 	/usr/lib/libz.1.dylib
0x0000000059818000 	/usr/lib/libSystem.B.dylib
0x0000000059818000 	/usr/lib/libobjc.A.dylib
0x0000000059818000 	/System/Library/Frameworks/CoreFoundation.framework/Versions/A/CoreFoundation
0x0000000059818000 	/System/Library/Frameworks/Foundation.framework/Versions/C/Foundation
0x0000000059818000 	/System/Library/Frameworks/AppKit.framework/Versions/C/AppKit
0x0000000059818000 	/System/Library/Frameworks/CoreData.framework/Versions/A/CoreData
0x0000000059818000 	/System/Library/PrivateFrameworks/RemoteViewServices.framework/Versions/A/RemoteViewServices
0x0000000059818000 	/System/Library/PrivateFrameworks/UIFoundation.framework/Versions/A/UIFoundation
0x0000000059818000 	/System/Library/PrivateFrameworks/DFRFoundation.framework/Versions/A/DFRFoundation
0x0000000059818000 	/usr/lib/libenergytrace.dylib
0x0000000059818000 	/System/Library/PrivateFrameworks/SkyLight.framework/Versions/A/SkyLight
0x0000000059818000 	/System/Library/Frameworks/CoreGraphics.framework/Versions/A/CoreGraphics
0x0000000059818000 	/usr/lib/libScreenReader.dylib
0x0000000059818000 	/System/Library/Frameworks/Accelerate.framework/Versions/A/Accelerate
0x0000000059818000 	/System/Library/Frameworks/IOSurface.framework/Versions/A/IOSurface
0x0000000059818000 	/System/Library/Frameworks/AudioToolbox.framework/Versions/A/AudioToolbox
0x0000000059818000 	/System/Library/Frameworks/AudioUnit.framework/Versions/A/AudioUnit
0x0000000059818000 	/System/Library/PrivateFrameworks/DataDetectorsCore.framework/Versions/A/DataDetectorsCore
0x0000000059818000 	/System/Library/PrivateFrameworks/DesktopServicesPriv.framework/Versions/A/DesktopServicesPriv
0x0000000059818000 	/System/Library/Frameworks/Carbon.framework/Versions/A/Frameworks/HIToolbox.framework/Versions/A/HIToolbox
0x0000000059818000 	/usr/lib/libicucore.A.dylib
0x0000000059818000 	/System/Library/Frameworks/QuartzCore.framework/Versions/A/QuartzCore
0x0000000059818000 	/System/Library/Frameworks/Carbon.framework/Versions/A/Frameworks/SpeechRecognition.framework/Versions/A/SpeechRecognition
0x0000000059818000 	/usr/lib/libauto.dylib
0x0000000059818000 	/usr/lib/libxml2.2.dylib
0x0000000059818000 	/System/Library/PrivateFrameworks/CoreUI.framework/Versions/A/CoreUI
0x0000000059818000 	/System/Library/Frameworks/CoreAudio.framework/Versions/A/CoreAudio
0x0000000059818000 	/System/Library/Frameworks/DiskArbitration.framework/Versions/A/DiskArbitration
0x0000000059818000 	/usr/lib/liblangid.dylib
0x0000000059818000 	/System/Library/PrivateFrameworks/MultitouchSupport.framework/Versions/A/MultitouchSupport
0x0000000059818000 	/System/Library/Frameworks/IOKit.framework/Versions/A/IOKit
0x0000000059818000 	/usr/lib/libDiagnosticMessagesClient.dylib
0x0000000059818000 	/System/Library/Frameworks/CoreServices.framework/Versions/A/CoreServices
0x0000000059818000 	/System/Library/PrivateFrameworks/PerformanceAnalysis.framework/Versions/A/PerformanceAnalysis
0x0000000059818000 	/System/Library/PrivateFrameworks/GenerationalStorage.framework/Versions/A/GenerationalStorage
0x0000000059818000 	/System/Library/Frameworks/OpenGL.framework/Versions/A/OpenGL
0x0000000059818000 	/System/Library/Frameworks/CoreImage.framework/Versions/A/CoreImage
0x0000000059818000 	/System/Library/Frameworks/CoreText.framework/Versions/A/CoreText
0x0000000059818000 	/System/Library/Frameworks/ImageIO.framework/Versions/A/ImageIO
0x0000000059818000 	/System/Library/PrivateFrameworks/Backup.framework/Versions/A/Backup
0x0000000059818000 	/usr/lib/libarchive.2.dylib
0x0000000059818000 	/System/Library/Frameworks/CFNetwork.framework/Versions/A/CFNetwork
0x0000000059818000 	/System/Library/Frameworks/SystemConfiguration.framework/Versions/A/SystemConfiguration
0x0000000059818000 	/usr/lib/libCRFSuite.dylib
0x0000000059818000 	/usr/lib/libc++.1.dylib
0x0000000059818000 	/usr/lib/libc++abi.dylib
0x0000000059818000 	/usr/lib/system/libcache.dylib
0x0000000059818000 	/usr/lib/system/libcommonCrypto.dylib
0x0000000059818000 	/usr/lib/system/libcompiler_rt.dylib
0x0000000059818000 	/usr/lib/system/libcopyfile.dylib
0x0000000059818000 	/usr/lib/system/libcorecrypto.dylib
0x0000000059818000 	/usr/lib/system/libdispatch.dylib
0x0000000059818000 	/usr/lib/system/libdyld.dylib
0x0000000059818000 	/usr/lib/system/libkeymgr.dylib
0x0000000059818000 	/usr/lib/system/liblaunch.dylib
0x0000000059818000 	/usr/lib/system/libmacho.dylib
0x0000000059818000 	/usr/lib/system/libquarantine.dylib
0x0000000059818000 	/usr/lib/system/libremovefile.dylib
0x0000000059818000 	/usr/lib/system/libsystem_asl.dylib
0x0000000059818000 	/usr/lib/system/libsystem_blocks.dylib
0x0000000059818000 	/usr/lib/system/libsystem_c.dylib
0x0000000059818000 	/usr/lib/system/libsystem_configuration.dylib
0x0000000059818000 	/usr/lib/system/libsystem_coreservices.dylib
0x0000000059818000 	/usr/lib/system/libsystem_coretls.dylib
0x0000000059818000 	/usr/lib/system/libsystem_dnssd.dylib
0x0000000059818000 	/usr/lib/system/libsystem_info.dylib
0x0000000059818000 	/usr/lib/system/libsystem_kernel.dylib
0x0000000059818000 	/usr/lib/system/libsystem_m.dylib
0x0000000059818000 	/usr/lib/system/libsystem_malloc.dylib
0x0000000059818000 	/usr/lib/system/libsystem_network.dylib
0x0000000059818000 	/usr/lib/system/libsystem_networkextension.dylib
0x0000000059818000 	/usr/lib/system/libsystem_notify.dylib
0x0000000059818000 	/usr/lib/system/libsystem_platform.dylib
0x0000000059818000 	/usr/lib/system/libsystem_pthread.dylib
0x0000000059818000 	/usr/lib/system/libsystem_sandbox.dylib
0x0000000059818000 	/usr/lib/system/libsystem_secinit.dylib
0x0000000059818000 	/usr/lib/system/libsystem_symptoms.dylib
0x0000000059818000 	/usr/lib/system/libsystem_trace.dylib
0x0000000059818000 	/usr/lib/system/libunwind.dylib
0x0000000059818000 	/usr/lib/system/libxpc.dylib
0x0000000059818000 	/usr/lib/libbsm.0.dylib
0x0000000059818000 	/usr/lib/system/libkxld.dylib
0x0000000059818000 	/usr/lib/libcoretls.dylib
0x0000000059818000 	/usr/lib/libcoretls_cfhelpers.dylib
0x0000000059818000 	/usr/lib/libxar.1.dylib
0x0000000059818000 	/usr/lib/libsqlite3.dylib
0x0000000059818000 	/usr/lib/libpam.2.dylib
0x0000000059818000 	/usr/lib/libOpenScriptingUtil.dylib
0x0000000059818000 	/usr/lib/libbz2.1.0.dylib
0x0000000059818000 	/usr/lib/liblzma.5.dylib
0x0000000059818000 	/usr/lib/libnetwork.dylib
0x0000000059818000 	/usr/lib/libpcap.A.dylib
0x0000000059818000 	/System/Library/Frameworks/CoreServices.framework/Versions/A/Frameworks/FSEvents.framework/Versions/A/FSEvents
0x0000000059818000 	/System/Library/Frameworks/CoreServices.framework/Versions/A/Frameworks/CarbonCore.framework/Versions/A/CarbonCore
0x0000000059818000 	/System/Library/Frameworks/CoreServices.framework/Versions/A/Frameworks/Metadata.framework/Versions/A/Metadata
0x0000000059818000 	/System/Library/Frameworks/CoreServices.framework/Versions/A/Frameworks/OSServices.framework/Versions/A/OSServices
0x0000000059818000 	/System/Library/Frameworks/CoreServices.framework/Versions/A/Frameworks/SearchKit.framework/Versions/A/SearchKit
0x0000000059818000 	/System/Library/Frameworks/CoreServices.framework/Versions/A/Frameworks/AE.framework/Versions/A/AE
0x0000000059818000 	/System/Library/Frameworks/CoreServices.framework/Versions/A/Frameworks/LaunchServices.framework/Versions/A/LaunchServices
0x0000000059818000 	/System/Library/Frameworks/CoreServices.framework/Versions/A/Frameworks/DictionaryServices.framework/Versions/A/DictionaryServices
0x0000000059818000 	/System/Library/Frameworks/CoreServices.framework/Versions/A/Frameworks/SharedFileList.framework/Versions/A/SharedFileList
0x0000000059818000 	/System/Library/Frameworks/NetFS.framework/Versions/A/NetFS
0x0000000059818000 	/System/Library/PrivateFrameworks/NetAuth.framework/Versions/A/NetAuth
0x0000000059818000 	/System/Library/PrivateFrameworks/login.framework/Versions/A/Frameworks/loginsupport.framework/Versions/A/loginsupport
0x0000000059818000 	/System/Library/PrivateFrameworks/TCC.framework/Versions/A/TCC
0x0000000059818000 	/usr/lib/libmecabra.dylib
0x0000000059818000 	/System/Library/Frameworks/ApplicationServices.framework/Versions/A/Frameworks/ATS.framework/Versions/A/ATS
0x0000000059818000 	/System/Library/Frameworks/ApplicationServices.framework/Versions/A/Frameworks/ColorSync.framework/Versions/A/ColorSync
0x0000000059818000 	/System/Library/Frameworks/ApplicationServices.framework/Versions/A/Frameworks/HIServices.framework/Versions/A/HIServices
0x0000000059818000 	/System/Library/Frameworks/ApplicationServices.framework/Versions/A/Frameworks/LangAnalysis.framework/Versions/A/LangAnalysis
0x0000000059818000 	/System/Library/Frameworks/ApplicationServices.framework/Versions/A/Frameworks/PrintCore.framework/Versions/A/PrintCore
0x0000000059818000 	/System/Library/Frameworks/ApplicationServices.framework/Versions/A/Frameworks/QD.framework/Versions/A/QD
0x0000000059818000 	/System/Library/Frameworks/ApplicationServices.framework/Versions/A/Frameworks/SpeechSynthesis.framework/Versions/A/SpeechSynthesis
0x0000000059818000 	/System/Library/Frameworks/Accelerate.framework/Versions/A/Frameworks/vImage.framework/Versions/A/vImage
0x0000000059818000 	/System/Library/Frameworks/Accelerate.framework/Versions/A/Frameworks/vecLib.framework/Versions/A/vecLib
0x0000000059818000 	/System/Library/Frameworks/Accelerate.framework/Versions/A/Frameworks/vecLib.framework/Versions/A/libvDSP.dylib
0x0000000059818000 	/System/Library/Frameworks/Accelerate.framework/Versions/A/Frameworks/vecLib.framework/Versions/A/libBNNS.dylib
0x0000000059818000 	/System/Library/Frameworks/Accelerate.framework/Versions/A/Frameworks/vecLib.framework/Versions/A/libQuadrature.dylib
0x0000000059818000 	/System/Library/Frameworks/Accelerate.framework/Versions/A/Frameworks/vecLib.framework/Versions/A/libvMisc.dylib
0x0000000059818000 	/System/Library/Frameworks/Accelerate.framework/Versions/A/Frameworks/vecLib.framework/Versions/A/libLAPACK.dylib
0x0000000059818000 	/System/Library/Frameworks/Accelerate.framework/Versions/A/Frameworks/vecLib.framework/Versions/A/libBLAS.dylib
0x0000000059818000 	/System/Library/Frameworks/Accelerate.framework/Versions/A/Frameworks/vecLib.framework/Versions/A/libLinearAlgebra.dylib
0x0000000059818000 	/System/Library/Frameworks/Accelerate.framework/Versions/A/Frameworks/vecLib.framework/Versions/A/libSparseBLAS.dylib
0x0000000059818000 	/System/Library/Frameworks/ApplicationServices.framework/Versions/A/Frameworks/ATS.framework/Versions/A/Resources/libFontParser.dylib
0x0000000059818000 	/System/Library/Frameworks/ApplicationServices.framework/Versions/A/Frameworks/ATS.framework/Versions/A/Resources/libFontRegistry.dylib
0x0000000059818000 	/System/Library/Frameworks/ImageIO.framework/Versions/A/Resources/libJPEG.dylib
0x0000000059818000 	/System/Library/Frameworks/ImageIO.framework/Versions/A/Resources/libTIFF.dylib
0x0000000059818000 	/System/Library/Frameworks/ImageIO.framework/Versions/A/Resources/libPng.dylib
0x0000000059818000 	/System/Library/Frameworks/ImageIO.framework/Versions/A/Resources/libGIF.dylib
0x0000000059818000 	/System/Library/Frameworks/ImageIO.framework/Versions/A/Resources/libJP2.dylib
0x0000000059818000 	/System/Library/Frameworks/ImageIO.framework/Versions/A/Resources/libRadiance.dylib
0x0000000059818000 	/usr/lib/libcompression.dylib
0x0000000059818000 	/System/Library/PrivateFrameworks/AppleJPEG.framework/Versions/A/AppleJPEG
0x0000000059818000 	/usr/lib/libcups.2.dylib
0x0000000059818000 	/System/Library/Frameworks/Kerberos.framework/Versions/A/Kerberos
0x0000000059818000 	/System/Library/Frameworks/GSS.framework/Versions/A/GSS
0x0000000059818000 	/usr/lib/libresolv.9.dylib
0x0000000059818000 	/usr/lib/libiconv.2.dylib
0x0000000059818000 	/System/Library/PrivateFrameworks/Heimdal.framework/Versions/A/Heimdal
0x0000000059818000 	/usr/lib/libheimdal-asn1.dylib
0x0000000059818000 	/System/Library/Frameworks/OpenDirectory.framework/Versions/A/OpenDirectory
0x0000000059818000 	/System/Library/PrivateFrameworks/CommonAuth.framework/Versions/A/CommonAuth
0x0000000059818000 	/System/Library/Frameworks/OpenDirectory.framework/Versions/A/Frameworks/CFOpenDirectory.framework/Versions/A/CFOpenDirectory
0x0000000059818000 	/System/Library/Frameworks/SecurityFoundation.framework/Versions/A/SecurityFoundation
0x0000000059818000 	/System/Library/PrivateFrameworks/LanguageModeling.framework/Versions/A/LanguageModeling
0x0000000059818000 	/usr/lib/libmarisa.dylib
0x0000000059818000 	/usr/lib/libChineseTokenizer.dylib
0x0000000059818000 	/usr/lib/libcmph.dylib
0x0000000059818000 	/System/Library/PrivateFrameworks/CoreEmoji.framework/Versions/A/CoreEmoji
0x0000000059818000 	/System/Library/Frameworks/ServiceManagement.framework/Versions/A/ServiceManagement
0x0000000059818000 	/usr/lib/libxslt.1.dylib
0x0000000059818000 	/System/Library/Frameworks/Carbon.framework/Versions/A/Frameworks/Ink.framework/Versions/A/Ink
0x0000000059818000 	/System/Library/PrivateFrameworks/TextureIO.framework/Versions/A/TextureIO
0x0000000059818000 	/System/Library/Frameworks/Metal.framework/Versions/A/Metal
0x0000000059818000 	/usr/lib/libate.dylib
0x0000000059818000 	/System/Library/PrivateFrameworks/GPUCompiler.framework/libmetal_timestamp.dylib
0x0000000059818000 	/System/Library/Frameworks/OpenGL.framework/Versions/A/Libraries/libCoreFSCache.dylib
0x0000000059818000 	/System/Library/PrivateFrameworks/IOAccelerator.framework/Versions/A/IOAccelerator
0x0000000059818000 	/System/Library/Frameworks/CoreVideo.framework/Versions/A/CoreVideo
0x0000000059818000 	/usr/lib/libFosl_dynamic.dylib
0x0000000059818000 	/System/Library/PrivateFrameworks/MetalPerformanceShaders.framework/Versions/A/MetalPerformanceShaders
0x0000000059818000 	/System/Library/PrivateFrameworks/FaceCore.framework/Versions/A/FaceCore
0x0000000059818000 	/System/Library/Frameworks/OpenCL.framework/Versions/A/OpenCL
0x0000000059818000 	/System/Library/Frameworks/OpenGL.framework/Versions/A/Libraries/libGLU.dylib
0x0000000059818000 	/System/Library/Frameworks/OpenGL.framework/Versions/A/Libraries/libGFXShared.dylib
0x0000000059818000 	/System/Library/Frameworks/OpenGL.framework/Versions/A/Libraries/libGL.dylib
0x0000000059818000 	/System/Library/Frameworks/OpenGL.framework/Versions/A/Libraries/libGLImage.dylib
0x0000000059818000 	/System/Library/Frameworks/OpenGL.framework/Versions/A/Libraries/libCVMSPluginSupport.dylib
0x0000000059818000 	/System/Library/Frameworks/OpenGL.framework/Versions/A/Libraries/libCoreVMClient.dylib
0x0000000059818000 	/System/Library/PrivateFrameworks/CrashReporterSupport.framework/Versions/A/CrashReporterSupport
0x0000000059818000 	/System/Library/PrivateFrameworks/Sharing.framework/Versions/A/Sharing
0x0000000059818000 	/System/Library/PrivateFrameworks/IconServices.framework/Versions/A/IconServices
0x0000000059818000 	/System/Library/PrivateFrameworks/ProtocolBuffer.framework/Versions/A/ProtocolBuffer
0x0000000059818000 	/System/Library/PrivateFrameworks/Apple80211.framework/Versions/A/Apple80211
0x0000000059818000 	/System/Library/Frameworks/CoreWLAN.framework/Versions/A/CoreWLAN
0x0000000059818000 	/System/Library/PrivateFrameworks/CoreUtils.framework/Versions/A/CoreUtils
0x0000000059818000 	/System/Library/Frameworks/IOBluetooth.framework/Versions/A/IOBluetooth
0x0000000059818000 	/System/Library/PrivateFrameworks/CoreWiFi.framework/Versions/A/CoreWiFi
0x0000000059818000 	/System/Library/Frameworks/CoreBluetooth.framework/Versions/A/CoreBluetooth
0x0000000059818000 	/System/Library/Frameworks/CoreDisplay.framework/Versions/A/CoreDisplay
0x0000000059818000 	/System/Library/PrivateFrameworks/IOPresentment.framework/Versions/A/IOPresentment
0x0000000059818000 	/System/Library/PrivateFrameworks/DebugSymbols.framework/Versions/A/DebugSymbols
0x0000000059818000 	/System/Library/PrivateFrameworks/CoreSymbolication.framework/Versions/A/CoreSymbolication
0x0000000059818000 	/System/Library/PrivateFrameworks/Symbolication.framework/Versions/A/Symbolication
0x0000000059818000 	/System/Library/PrivateFrameworks/AppleFSCompression.framework/Versions/A/AppleFSCompression
0x0000000059818000 	/System/Library/PrivateFrameworks/SpeechRecognitionCore.framework/Versions/A/SpeechRecognitionCore
0x0000000059818000 	/System/Library/PrivateFrameworks/ChunkingLibrary.framework/Versions/A/ChunkingLibrary
0x0000000108600000 	/Library/Internet Plug-Ins/JavaAppletPlugin.plugin/Contents/Home/lib/server/libjvm.dylib
0x0000000059818000 	/usr/lib/libstdc++.6.dylib
0x00000001075d0000 	/Library/Internet Plug-Ins/JavaAppletPlugin.plugin/Contents/Home/lib/libverify.dylib
0x00000001095a3000 	/Library/Internet Plug-Ins/JavaAppletPlugin.plugin/Contents/Home/lib/libjava.dylib
0x00000001075e8000 	/Library/Internet Plug-Ins/JavaAppletPlugin.plugin/Contents/Home/lib/libzip.dylib
0x0000000114f66000 	/System/Library/Frameworks/JavaVM.framework/Frameworks/JavaRuntimeSupport.framework/JavaRuntimeSupport
0x0000000114f80000 	/System/Library/Frameworks/JavaVM.framework/Versions/A/Frameworks/JavaNativeFoundation.framework/Versions/A/JavaNativeFoundation
0x00000001075f1000 	/System/Library/Frameworks/JavaVM.framework/Versions/A/JavaVM
0x0000000059818000 	/System/Library/Frameworks/Carbon.framework/Versions/A/Carbon
0x0000000114f95000 	/System/Library/PrivateFrameworks/JavaLaunching.framework/Versions/A/JavaLaunching
0x0000000059818000 	/System/Library/Frameworks/Carbon.framework/Versions/A/Frameworks/CommonPanels.framework/Versions/A/CommonPanels
0x0000000059818000 	/System/Library/Frameworks/Carbon.framework/Versions/A/Frameworks/Help.framework/Versions/A/Help
0x0000000059818000 	/System/Library/Frameworks/Carbon.framework/Versions/A/Frameworks/ImageCapture.framework/Versions/A/ImageCapture
0x0000000059818000 	/System/Library/Frameworks/Carbon.framework/Versions/A/Frameworks/OpenScripting.framework/Versions/A/OpenScripting
0x0000000059818000 	/System/Library/Frameworks/Carbon.framework/Versions/A/Frameworks/Print.framework/Versions/A/Print
0x0000000059818000 	/System/Library/Frameworks/Carbon.framework/Versions/A/Frameworks/SecurityHI.framework/Versions/A/SecurityHI
0x0000000126076000 	/Library/Internet Plug-Ins/JavaAppletPlugin.plugin/Contents/Home/lib/libawt.dylib
0x000000012611e000 	/Library/Internet Plug-Ins/JavaAppletPlugin.plugin/Contents/Home/lib/./libmlib_image.dylib
0x00000001261ea000 	/Library/Internet Plug-Ins/JavaAppletPlugin.plugin/Contents/Home/lib/libawt_lwawt.dylib
0x00000001262a1000 	/Library/Internet Plug-Ins/JavaAppletPlugin.plugin/Contents/Home/lib/./libosxapp.dylib
0x0000000059818000 	/System/Library/Frameworks/ExceptionHandling.framework/Versions/A/ExceptionHandling
0x0000000059818000 	/System/Library/PrivateFrameworks/CoreServicesInternal.framework/Versions/A/CoreServicesInternal
0x0000000059818000 	/System/Library/CoreServices/RawCamera.bundle/Contents/MacOS/RawCamera
0x0000000059818000 	/System/Library/Frameworks/Accelerate.framework/Versions/A/Frameworks/vImage.framework/Versions/A/Libraries/libCGInterfaces.dylib
0x0000000059818000 	/System/Library/Frameworks/ApplicationServices.framework/Versions/A/Frameworks/ATS.framework/Versions/A/Resources/libTrueTypeScaler.dylib
0x0000000059818000 	/System/Library/Frameworks/OpenGL.framework/Versions/A/Resources/GLEngine.bundle/GLEngine
0x0000000059818000 	/System/Library/Frameworks/OpenGL.framework/Versions/A/Libraries/libGLProgrammability.dylib
0x0000000128169000 	/System/Library/Extensions/AppleIntelHD5000GraphicsGLDriver.bundle/Contents/MacOS/AppleIntelHD5000GraphicsGLDriver
0x0000000059818000 	/System/Library/PrivateFrameworks/GPUSupport.framework/Versions/A/Libraries/libGPUSupportMercury.dylib
0x0000000059818000 	/System/Library/Extensions/GeForceGLDriver.bundle/Contents/MacOS/GeForceGLDriver
0x0000000059818000 	/System/Library/Extensions/GeForceGLDriver.bundle/Contents/MacOS/libclh.dylib
0x0000000059818000 	/System/Library/Frameworks/OpenGL.framework/Versions/A/Resources/GLRendererFloat.bundle/GLRendererFloat
0x0000000059818000 	/System/Library/Frameworks/OpenCL.framework/Versions/A/Libraries/libcldcpuengine.dylib
0x0000000059818000 	/usr/lib/libcrypto.0.9.8.dylib
0x0000000059818000 	/System/Library/PrivateFrameworks/TrustEvaluationAgent.framework/Versions/A/TrustEvaluationAgent
0x0000000059818000 	/System/Library/Extensions/GeForceMTLDriver.bundle/Contents/MacOS/GeForceMTLDriver
0x00000001288e0000 	/System/Library/Extensions/AppleIntelHD5000GraphicsMTLDriver.bundle/Contents/MacOS/AppleIntelHD5000GraphicsMTLDriver
0x0000000059818000 	/System/Library/PrivateFrameworks/FamilyControls.framework/Versions/A/FamilyControls
0x0000000059818000 	/System/Library/PrivateFrameworks/CommerceKit.framework/Versions/A/Frameworks/CommerceCore.framework/Versions/A/CommerceCore
0x0000000059818000 	/System/Library/PrivateFrameworks/SystemAdministration.framework/Versions/A/SystemAdministration
0x0000000059818000 	/System/Library/PrivateFrameworks/AppContainer.framework/Versions/A/AppContainer
0x0000000059818000 	/System/Library/PrivateFrameworks/SecCodeWrapper.framework/Versions/A/SecCodeWrapper
0x0000000059818000 	/System/Library/Frameworks/DirectoryService.framework/Versions/A/DirectoryService
0x0000000059818000 	/System/Library/PrivateFrameworks/DiskImages.framework/Versions/A/DiskImages
0x0000000059818000 	/System/Library/PrivateFrameworks/LoginUIKit.framework/Versions/A/Frameworks/LoginUICore.framework/Versions/A/LoginUICore
0x0000000059818000 	/usr/lib/libCoreStorage.dylib
0x0000000059818000 	/usr/lib/libcsfde.dylib
0x0000000059818000 	/usr/lib/libodfde.dylib
0x0000000059818000 	/System/Library/Frameworks/DiscRecording.framework/Versions/A/DiscRecording
0x0000000059818000 	/usr/lib/libcurl.4.dylib
0x0000000059818000 	/System/Library/PrivateFrameworks/MediaKit.framework/Versions/A/MediaKit
0x0000000059818000 	/System/Library/PrivateFrameworks/ProtectedCloudStorage.framework/Versions/A/ProtectedCloudStorage
0x0000000059818000 	/System/Library/PrivateFrameworks/EFILogin.framework/Versions/A/EFILogin
0x0000000059818000 	/usr/lib/libutil.dylib
0x0000000059818000 	/System/Library/Frameworks/LDAP.framework/Versions/A/LDAP
0x0000000059818000 	/usr/lib/libsasl2.2.dylib
0x0000000059818000 	/System/Library/PrivateFrameworks/CoreDaemon.framework/Versions/B/CoreDaemon
0x0000000059818000 	/System/Library/PrivateFrameworks/AppleSRP.framework/Versions/A/AppleSRP
0x0000000059818000 	/System/Library/PrivateFrameworks/APFS.framework/Versions/A/APFS
0x0000000059818000 	/System/Library/PrivateFrameworks/ViewBridge.framework/Versions/A/ViewBridge
0x0000000059818000 	/System/Library/PrivateFrameworks/XPCService.framework/Versions/A/XPCService
0x0000000059818000 	/System/Library/PrivateFrameworks/AppSandbox.framework/Versions/A/AppSandbox
0x0000000059818000 	/usr/lib/libsandbox.1.dylib
0x0000000059818000 	/usr/lib/libMatch.1.dylib
0x000000012ab82000 	/Library/Internet Plug-Ins/JavaAppletPlugin.plugin/Contents/Home/lib/libfontmanager.dylib
0x000000012abe9000 	/Library/Internet Plug-Ins/JavaAppletPlugin.plugin/Contents/Home/lib/libosxui.dylib
0x000000012da1b000 	/Library/Internet Plug-Ins/JavaAppletPlugin.plugin/Contents/Home/lib/libnet.dylib
0x000000012d9ac000 	/Library/Internet Plug-Ins/JavaAppletPlugin.plugin/Contents/Home/lib/libnio.dylib
0x000000017abbf000 	/Library/Internet Plug-Ins/JavaAppletPlugin.plugin/Contents/Home/lib/libdcpr.dylib
0x0000000059818000 	/System/Library/PrivateFrameworks/Shortcut.framework/Versions/A/Shortcut
0x0000000059818000 	/System/Library/PrivateFrameworks/HelpData.framework/Versions/A/HelpData
0x0000000059818000 	/System/Library/PrivateFrameworks/FinderKit.framework/Versions/A/FinderKit
0x0000000059818000 	/System/Library/Frameworks/Quartz.framework/Versions/A/Frameworks/QuickLookUI.framework/Versions/A/QuickLookUI
0x0000000059818000 	/System/Library/Frameworks/Quartz.framework/Versions/A/Frameworks/ImageKit.framework/Versions/A/ImageKit
0x0000000059818000 	/System/Library/PrivateFrameworks/Bom.framework/Versions/A/Bom
0x0000000059818000 	/System/Library/Frameworks/QuickLook.framework/Versions/A/QuickLook
0x0000000059818000 	/System/Library/PrivateFrameworks/Suggestions.framework/Versions/A/Suggestions
0x0000000059818000 	/System/Library/PrivateFrameworks/AppleSystemInfo.framework/Versions/A/AppleSystemInfo
0x0000000059818000 	/System/Library/Frameworks/ImageCaptureCore.framework/Versions/A/ImageCaptureCore
0x0000000059818000 	/System/Library/Frameworks/SafariServices.framework/Versions/A/SafariServices
0x0000000059818000 	/System/Library/Frameworks/QTKit.framework/Versions/A/QTKit
0x0000000059818000 	/System/Library/PrivateFrameworks/MobileKeyBag.framework/Versions/A/MobileKeyBag
0x0000000059818000 	/System/Library/Frameworks/AVFoundation.framework/Versions/A/AVFoundation
0x0000000059818000 	/System/Library/Frameworks/CoreMedia.framework/Versions/A/CoreMedia
0x0000000059818000 	/System/Library/Frameworks/MediaToolbox.framework/Versions/A/MediaToolbox
0x0000000059818000 	/System/Library/Frameworks/VideoToolbox.framework/Versions/A/VideoToolbox
0x0000000059818000 	/System/Library/PrivateFrameworks/CoreMediaAuthoring.framework/Versions/A/CoreMediaAuthoring
0x0000000059818000 	/System/Library/Frameworks/CoreMediaIO.framework/Versions/A/CoreMediaIO
0x0000000059818000 	/System/Library/Frameworks/AVFoundation.framework/Versions/A/Frameworks/AVFAudio.framework/Versions/A/AVFAudio
0x0000000059818000 	/System/Library/PrivateFrameworks/IntlPreferences.framework/Versions/A/IntlPreferences
0x0000000059818000 	/usr/lib/libspindump.dylib
0x0000000059818000 	/usr/lib/libdscsym.dylib
0x0000000059818000 	/System/Library/PrivateFrameworks/CoreAVCHD.framework/Versions/A/CoreAVCHD
0x0000000059818000 	/System/Library/Frameworks/MediaAccessibility.framework/Versions/A/MediaAccessibility
0x0000000059818000 	/System/Library/PrivateFrameworks/Mangrove.framework/Versions/A/Mangrove
0x0000000059818000 	/System/Library/PrivateFrameworks/CoreAUC.framework/Versions/A/CoreAUC
0x0000000059818000 	/System/Library/PrivateFrameworks/AppleVA.framework/Versions/A/AppleVA
0x0000000059818000 	/System/Library/PrivateFrameworks/QuickLookThumbnailing.framework/Versions/A/QuickLookThumbnailing
0x0000000059818000 	/System/Library/PrivateFrameworks/DisplayServices.framework/Versions/A/DisplayServices
0x0000000059818000 	/System/Library/Frameworks/Quartz.framework/Versions/A/Frameworks/PDFKit.framework/Versions/A/PDFKit
0x0000000059818000 	/System/Library/Frameworks/Quartz.framework/Versions/A/Frameworks/QuartzComposer.framework/Versions/A/QuartzComposer
0x0000000059818000 	/System/Library/Frameworks/Quartz.framework/Versions/A/Frameworks/QuartzFilters.framework/Versions/A/QuartzFilters
0x0000000059818000 	/System/Library/PrivateFrameworks/CorePDF.framework/Versions/A/CorePDF
0x0000000059818000 	/System/Library/Frameworks/JavaScriptCore.framework/Versions/A/JavaScriptCore
0x0000000059818000 	/System/Library/Frameworks/AddressBook.framework/Versions/A/AddressBook
0x0000000059818000 	/System/Library/PrivateFrameworks/ContactsPersistence.framework/Versions/A/ContactsPersistence
0x0000000059818000 	/System/Library/PrivateFrameworks/CalendarAgentLink.framework/Versions/A/CalendarAgentLink
0x0000000059818000 	/System/Library/PrivateFrameworks/ContactsFoundation.framework/Versions/A/ContactsFoundation
0x0000000059818000 	/System/Library/PrivateFrameworks/vCard.framework/Versions/A/vCard
0x0000000059818000 	/System/Library/PrivateFrameworks/ToneLibrary.framework/Versions/A/ToneLibrary
0x0000000059818000 	/System/Library/PrivateFrameworks/ToneKit.framework/Versions/A/ToneKit
0x0000000059818000 	/System/Library/PrivateFrameworks/ApplePushService.framework/Versions/A/ApplePushService
0x0000000059818000 	/System/Library/Frameworks/SecurityInterface.framework/Versions/A/SecurityInterface
0x0000000059818000 	/System/Library/PrivateFrameworks/PhoneNumbers.framework/Versions/A/PhoneNumbers
0x0000000059818000 	/System/Library/Frameworks/Quartz.framework/Versions/A/Quartz
0x0000000059818000 	/System/Library/Frameworks/Accounts.framework/Versions/A/Accounts
0x0000000059818000 	/System/Library/PrivateFrameworks/OAuth.framework/Versions/A/OAuth
0x0000000059818000 	/System/Library/PrivateFrameworks/CacheDelete.framework/Versions/A/CacheDelete
0x0000000059818000 	/System/Library/PrivateFrameworks/CloudDocs.framework/Versions/A/CloudDocs
0x0000000059818000 	/System/Library/Frameworks/CloudKit.framework/Versions/A/CloudKit
0x0000000059818000 	/System/Library/PrivateFrameworks/MMCS.framework/Versions/A/MMCS
0x0000000059818000 	/System/Library/Frameworks/CoreLocation.framework/Versions/A/CoreLocation
0x0000000059818000 	/System/Library/PrivateFrameworks/AssetCacheServices.framework/Versions/A/AssetCacheServices
0x0000000059818000 	/System/Library/PrivateFrameworks/GeoServices.framework/Versions/A/GeoServices
0x0000000059818000 	/System/Library/PrivateFrameworks/PlugInKit.framework/Versions/A/PlugInKit
0x000000017a499000 	/System/Library/Filesystems/NetFSPlugins/afp.bundle/Contents/MacOS/afp
0x000000017a667000 	/System/Library/PrivateFrameworks/AppleShareClientCore.framework/Versions/A/AppleShareClientCore
0x0000000059818000 	/System/Library/PrivateFrameworks/KerberosHelper.framework/Versions/A/KerberosHelper
0x0000000180d67000 	/System/Library/Frameworks/Security.framework/PlugIns/csparser.bundle/Contents/MacOS/csparser
0x0000000180fcd000 	/System/Library/PrivateFrameworks/CoreNLP.framework/Versions/A/CoreNLP
0x000000017ba13000 	cl_kernels
0x0000000059818000 	/System/Library/Frameworks/OpenCL.framework/Versions/A/Libraries/ImageFormats/unorm8_bgra.dylib
0x0000000059818000 	/System/Library/Frameworks/OpenCL.framework/Versions/A/Libraries/ImageFormats/unorm8_rgba.dylib
0x0000000059818000 	/System/Library/PrivateFrameworks/DataDetectors.framework/Versions/A/DataDetectors
0x0000000059818000 	/System/Library/Frameworks/WebKit.framework/Versions/A/WebKit
0x0000000059818000 	/System/Library/Frameworks/WebKit.framework/Versions/A/Frameworks/WebKitLegacy.framework/Versions/A/WebKitLegacy
0x0000000059818000 	/System/Library/Frameworks/WebKit.framework/Versions/A/Frameworks/WebCore.framework/Versions/A/WebCore
0x0000000059818000 	/System/Library/PrivateFrameworks/iLifeMediaBrowser.framework/Versions/A/iLifeMediaBrowser
0x0000000059818000 	/System/Library/Frameworks/AVKit.framework/Versions/A/AVKit
0x0000000059818000 	/System/Library/PrivateFrameworks/MediaRemote.framework/Versions/A/MediaRemote
0x0000000059818000 	/System/Library/PrivateFrameworks/MediaServices.framework/Versions/A/MediaServices
0x0000000128062000 	/Library/Internet Plug-Ins/JavaAppletPlugin.plugin/Contents/Home/lib/libjpeg.dylib

VM Arguments:
java_command: /Users/Anna/Dropbox/Semesterproject/Implementation/ImplementationJava/ImageJ/ij.jar
java_class_path (initial): /Users/Anna/Dropbox/Semesterproject/Implementation/ImplementationJava/ImageJ/ij.jar
Launcher Type: SUN_STANDARD

Environment Variables:
PATH=/usr/bin:/bin:/usr/sbin:/sbin
SHELL=/bin/bash

Signal Handlers:
SIGSEGV: [libjvm.dylib+0x5b1eb1], sa_mask[0]=11111111011111110111111111111111, sa_flags=SA_ONSTACK|SA_RESTART|SA_SIGINFO
SIGBUS: [libjvm.dylib+0x5b1eb1], sa_mask[0]=11111111011111110111111111111111, sa_flags=SA_RESTART|SA_SIGINFO
SIGFPE: [libjvm.dylib+0x488988], sa_mask[0]=11111111011111110111111111111111, sa_flags=SA_RESTART|SA_SIGINFO
SIGPIPE: [libjvm.dylib+0x488988], sa_mask[0]=11111111011111110111111111111111, sa_flags=SA_RESTART|SA_SIGINFO
SIGXFSZ: [libjvm.dylib+0x488988], sa_mask[0]=11111111011111110111111111111111, sa_flags=SA_RESTART|SA_SIGINFO
SIGILL: [libjvm.dylib+0x488988], sa_mask[0]=11111111011111110111111111111111, sa_flags=SA_RESTART|SA_SIGINFO
SIGUSR1: SIG_DFL, sa_mask[0]=00000000000000000000000000000000, sa_flags=none
SIGUSR2: [libjvm.dylib+0x4884a6], sa_mask[0]=00000000000000000000000000000000, sa_flags=SA_RESTART|SA_SIGINFO
SIGHUP: [libjvm.dylib+0x486a7d], sa_mask[0]=11111111011111110111111111111111, sa_flags=SA_RESTART|SA_SIGINFO
SIGINT: [libjvm.dylib+0x486a7d], sa_mask[0]=11111111011111110111111111111111, sa_flags=SA_RESTART|SA_SIGINFO
SIGTERM: [libjvm.dylib+0x486a7d], sa_mask[0]=11111111011111110111111111111111, sa_flags=SA_RESTART|SA_SIGINFO
SIGQUIT: [libjvm.dylib+0x486a7d], sa_mask[0]=11111111011111110111111111111111, sa_flags=SA_RESTART|SA_SIGINFO


---------------  S Y S T E M  ---------------

OS:Bsduname:Darwin 16.4.0 Darwin Kernel Version 16.4.0: Thu Dec 22 22:53:21 PST 2016; root:xnu-3789.41.3~3/RELEASE_X86_64 x86_64
rlimit: STACK 8192k, CORE 0k, NPROC 709, NOFILE 10240, AS infinity
load average:1.81 2.20 2.27

CPU:total 8 (initial active 8) (4 cores per cpu, 2 threads per core) family 6 model 70 stepping 1, cmov, cx8, fxsr, mmx, sse, sse2, sse3, ssse3, sse4.1, sse4.2, popcnt, avx, avx2, aes, clmul, erms, rtm, lzcnt, ht, tsc, tscinvbit, bmi1, bmi2

Memory: 4k page, physical 16777216k(429704k free)

/proc/meminfo:


vm_info: Java HotSpot(TM) 64-Bit Server VM (25.131-b11) for bsd-amd64 JRE (1.8.0_131-b11), built on Mar 15 2017 01:32:22 by "java_re" with gcc 4.2.1 (Based on Apple Inc. build 5658) (LLVM build 2336.11.00)

time: Wed Jun 21 09:02:34 2017
elapsed time: 25909 seconds (0d 7h 11m 49s)

